<?xml version="1.0" encoding="UTF-8"?>
<!-- Generated by org.testng.reporters.JUnitXMLReporter -->
<testsuite ignored="0" hostname="Rahuls-iMac.local" failures="0" tests="1" name="Test" time="0.086" errors="0" timestamp="02 Mar 2020 13:25:36 GMT">
  <testcase classname="TestNG.test_web_page" name="@BeforeMethod launch" time="0.056">
    <failure type="java.lang.IllegalStateException" message="The driver executable does not exist: /Users/rahulsarnayak/eclipse-workspace/verify_web_page/chromedriver">
      <![CDATA[java.lang.IllegalStateException: The driver executable does not exist: /Users/rahulsarnayak/eclipse-workspace/verify_web_page/chromedriver
at com.google.common.base.Preconditions.checkState(Preconditions.java:585)
at org.openqa.selenium.remote.service.DriverService.checkExecutable(DriverService.java:136)
at org.openqa.selenium.remote.service.DriverService.findExecutable(DriverService.java:131)
at org.openqa.selenium.chrome.ChromeDriverService.access$000(ChromeDriverService.java:32)
at org.openqa.selenium.chrome.ChromeDriverService$Builder.findDefaultExecutable(ChromeDriverService.java:137)
at org.openqa.selenium.remote.service.DriverService$Builder.build(DriverService.java:339)
at org.openqa.selenium.chrome.ChromeDriverService.createDefaultService(ChromeDriverService.java:88)
at org.openqa.selenium.chrome.ChromeDriver.<init>(ChromeDriver.java:123)
at TestNG.test_web_page.launch(test_web_page.java:19)
... Removed 28 stack frames]]>
    </failure>
  </testcase> <!-- @BeforeMethod launch -->
  <testcase classname="TestNG.test_web_page" name="@AfterMethod close" time="0.0">
    <skipped/>
  </testcase> <!-- @AfterMethod close -->
  <testcase classname="TestNG.test_web_page" name="verifyaboutus" time="0.0">
    <skipped/>
  </testcase> <!-- verifyaboutus -->
</testsuite> <!-- Test -->
